 Simulation_Period = 20160101 -- 20181231
   ID  VAR           Date             OBS_avg             SIM_avg              SIM_sd
    1    1       20170126          0.00009300          0.00009467          0.00000007
    2    1       20170223          0.00018953          0.00010090          0.00000007
    3    1       20170331          0.00020046          0.00014498          0.00000006
    4    1       20170425          0.00015288          0.00021383          0.00000031
    5    1       20170530          0.00015655          0.00022207          0.00000074
    6    1       20170622          0.00016220          0.00020679          0.00000012
    7    1       20170719          0.00019185          0.00016563          0.00001202
    8    1       20170824          0.00014649          0.00016271          0.00000055
    9    1       20170913          0.00012433          0.00011664          0.00000044
   10    1       20171024          0.00009791          0.00007969          0.00000005
   11    1       20171122          0.00006613          0.00006532          0.00000120
   12    1       20171213          0.00004580          0.00005652          0.00000032
   13    1       20180125          0.00003655          0.00006101          0.00000107
   14    1       20180226          0.00003729          0.00008845          0.00000230
   15    1       20180405          0.00017885          0.00012834          0.00000007
   16    1       20180428          0.00012852          0.00017176          0.00000019
   17    1       20180522          0.00026241          0.00019585          0.00000025
   18    1       20180611          0.00023212          0.00019275          0.00000169
   19    1       20180828          0.00010938          0.00011507          0.00000076
   20    1       20181003          0.00020056          0.00011622          0.00000351
   21    1       20181023          0.00011941          0.00006455          0.00000028
   22    1       20181129          0.00005792          0.00004338          0.00000038
   23    2       20000101          0.02500000          0.02474697          0.01930917
   24    3         201610        461.53859950          0.00013336          0.00000352
   25    3         201710        367.54971600          0.00017411          0.00000589
   26    3         201810        471.45414900          0.00027946          0.00000280

OBJ-FUNCTIONS & PARAMETERS:
    fOBJ (best=0) =     0.5047
          fOBJ[i] =     0.5387    0.0000    0.6698
   fOBJ_weight[i] =     0.8333    0.0833    0.0833

             LF0              r0            fINP              VP            PAR1             KP1             fKM            PAR3            Qmax             Kba            Kdes              rE             pEP            fpEM              fD              gD              Vg           alpha              KD              Yg            Ygsl             Q10           gamma            beta           WPA2D             tau           wdorm         VNup_MB        KsNH4_MB        KsNO3_MB            Vnit          Vdenit            PAR4
     0.90000000,     0.01000000,     0.40000000,    75.00000000,     2.00000000,   100.00000000,     6.00000000,   492.00000000,     2.50000000,     6.00000000,     0.00600000,     0.00014389,     0.00405654,     2.99940631,     0.10071780,     0.96224304,     0.08469036,     0.06249666,     0.01228798,     0.10726530,     0.01599677,     1.70000509,     0.10000000,     0.00100000,     0.40000000,     0.25000000,     4.00000000,     0.04999182,     0.00010000,     0.00010000,     0.02651949,     0.02614681,     1.00000000,
