 Simulation_Period = 20160101 -- 20181231
   ID  VAR           Date             OBS_avg             SIM_avg              SIM_sd
    1    1       20170126          0.00016559          0.00002793          0.00000011
    2    1       20170223          0.00019078          0.00003337          0.00000000
    3    1       20170331          0.00018191          0.00005544          0.00000005
    4    1       20170425          0.00015924          0.00009532          0.00000007
    5    1       20170530          0.00019538          0.00019495          0.00000036
    6    1       20170622          0.00033701          0.00026292          0.00000023
    7    1       20170719          0.00025108          0.00020069          0.00000016
    8    1       20170824          0.00023139          0.00028360          0.00000007
    9    1       20170913          0.00012851          0.00014836          0.00000016
   10    1       20171024          0.00017944          0.00011123          0.00000024
   11    1       20171122          0.00012828          0.00009172          0.00000013
   12    1       20171213          0.00006870          0.00008083          0.00000006
   13    1       20180125          0.00008347          0.00008510          0.00000011
   14    1       20180226          0.00009226          0.00010579          0.00000035
   15    1       20180405          0.00028452          0.00016921          0.00000012
   16    1       20180428          0.00005615          0.00022325          0.00000006
   17    1       20180522          0.00061364          0.00035731          0.00000056
   18    1       20180611          0.00039183          0.00041693          0.00000191
   19    1       20180828          0.00022886          0.00026502          0.00000245
   20    1       20181003          0.00032494          0.00012881          0.00000008
   21    1       20181023          0.00028872          0.00006265          0.00000002
   22    1       20181129          0.00010309          0.00003579          0.00000003
   23    2       20000101          0.02500000          0.03748435          0.02141629
   24    3         201610        482.40494575          0.00019955          0.00000366
   25    3         201710        484.78944000          0.00052967          0.00000438
   26    3         201810        471.43935050          0.00173803          0.00008855

OBJ-FUNCTIONS & PARAMETERS:
    fOBJ (best=0) =     0.8485
          fOBJ[i] =     0.8251    0.0000    1.9311
   fOBJ_weight[i] =     0.8333    0.0833    0.0833

             LF0              r0            fINP              VP            PAR1             KP1             fKM            PAR3            Qmax             Kba            Kdes              rE             pEP            fpEM              fD              gD              Vg           alpha              KD              Yg            Ygsl             Q10           gamma            beta           WPA2D             tau           wdorm         VNup_MB        KsNH4_MB        KsNO3_MB            Vnit          Vdenit            PAR4
     0.90000000,     0.01000000,     0.40000000,    75.00000000,     2.00000000,   100.00000000,     6.00000000,   492.00000000,     2.50000000,     6.00000000,     0.00600000,     0.00101362,     0.09999571,     1.04751142,     0.10224193,     0.14770284,     0.00180141,     0.48338140,     0.31196645,     0.10000354,     0.00685912,     1.70008236,     0.10000000,     0.00100000,     0.40000000,     0.25000000,     4.00000000,     0.04999182,     0.00010000,     0.00010000,     0.02651949,     0.02614681,     1.00000000,
